[ 2026-06-05 20:55:00,503 ] 22 root - INFO - Initiate the data ingestion
[ 2026-06-05 20:55:05,786 ] 67 root - INFO - Performed train test split on the dataframe
[ 2026-06-05 20:55:05,787 ] 69 root - INFO - Exited split_data_as_train_test method of Data_Ingestion class
[ 2026-06-05 20:55:05,788 ] 77 root - INFO - Exporting train and test file path.
[ 2026-06-05 20:55:05,900 ] 86 root - INFO - Exported train and test file path.
[ 2026-06-05 20:55:05,900 ] 24 root - INFO - Data Initiation Completed
[ 2026-06-05 20:55:05,936 ] 28 root - INFO - Initiate the data Validation
[ 2026-06-05 20:55:06,039 ] 32 root - INFO - Required number of columns:2
[ 2026-06-05 20:55:06,039 ] 33 root - INFO - Data frame has columns:31
[ 2026-06-05 20:55:06,040 ] 32 root - INFO - Required number of columns:2
[ 2026-06-05 20:55:06,040 ] 33 root - INFO - Data frame has columns:31
[ 2026-06-05 20:55:06,352 ] 30 root - INFO - data Validation Completed
[ 2026-06-05 20:55:06,352 ] 33 root - INFO - data Transformation started
[ 2026-06-05 20:55:06,353 ] 63 root - INFO - Entered initiate_data_transformation method of DataTransformation class
[ 2026-06-05 20:55:06,353 ] 65 root - INFO - Starting data transformation
[ 2026-06-05 20:55:06,436 ] 48 root - INFO - Entered get_data_trnasformer_object method of Trnasformation class
[ 2026-06-05 20:55:06,436 ] 53 root - INFO - Initialise KNNImputer with {'missing_values': nan, 'n_neighbors': 3, 'weights': 'uniform'}
[ 2026-06-05 20:55:06,469 ] 46 root - INFO - Entered the save_object method of MainUtils class
[ 2026-06-05 20:55:06,493 ] 50 root - INFO - Exited the save_object method of MainUtils class
[ 2026-06-05 20:55:06,494 ] 46 root - INFO - Entered the save_object method of MainUtils class
[ 2026-06-05 20:55:06,501 ] 50 root - INFO - Exited the save_object method of MainUtils class
[ 2026-06-05 20:55:06,518 ] 37 root - INFO - data Transformation completed
[ 2026-06-05 20:55:06,518 ] 39 root - INFO - Model Training sstared
[ 2026-06-05 21:00:27,714 ] 130 root - WARNING - Failed to track train metric in MLflow: 403: You have reached the limit of 100 experiments for a private repository in the free plan.
Please upgrade to the Team plan to increase the limit at https://dagshub.com/pricing?repo_id=52439
[ 2026-06-05 21:00:28,136 ] 139 root - WARNING - Failed to track test metric in MLflow: 403: You have reached the limit of 100 experiments for a private repository in the free plan.
Please upgrade to the Team plan to increase the limit at https://dagshub.com/pricing?repo_id=52439
[ 2026-06-05 21:00:28,139 ] 46 root - INFO - Entered the save_object method of MainUtils class
[ 2026-06-05 21:00:28,171 ] 50 root - INFO - Exited the save_object method of MainUtils class
[ 2026-06-05 21:00:28,171 ] 46 root - INFO - Entered the save_object method of MainUtils class
[ 2026-06-05 21:00:28,197 ] 50 root - INFO - Exited the save_object method of MainUtils class
[ 2026-06-05 21:00:28,197 ] 157 root - INFO - Model trainer artifact: ModelTrainerArtifact(trained_model_file_path='Artifacts\\06_05_2026_20_54_34\\model_trainer\\trained_model\\model.pkl', train_metric_artifact=ClassificationMetricArtifact(f1_score=0.9917924815077516, precision_score=0.9906882591093117, recall_score=0.9928991681882735), test_metric_artifact=ClassificationMetricArtifact(f1_score=0.9716369529983793, precision_score=0.9669354838709677, recall_score=0.9763843648208469))
[ 2026-06-05 21:00:28,200 ] 44 root - INFO - Model Training artifact created
